<?xml version="1.0" encoding="UTF-8"?>
<!-- Generated by org.testng.reporters.JUnitReportReporter -->
<testsuite hostname="ZZVicSharma03" failures="0" tests="1" name="Test_GET" time="5.394" errors="0" timestamp="2020-12-06T15:15:33 IST" skipped="0">
  <testcase classname="Test_GET" name="test_1" time="5.394"/>
  <system-out/>
</testsuite> <!-- Test_GET -->
