<?xml version="1.0" encoding="UTF-8"?>
<!-- Generated by org.testng.reporters.JUnitReportReporter -->
<testsuite hostname="ZZVicSharma03" failures="0" tests="2" name="Test01_GET" time="8.633" errors="0" timestamp="2020-12-06T14:41:59 IST" skipped="0">
  <testcase classname="Test01_GET" name="test_01" time="5.009"/>
  <system-out/>
  <testcase classname="Test01_GET" name="test_02" time="3.624"/>
  <system-out/>
</testsuite> <!-- Test01_GET -->
